# JRE version: OpenJDK Runtime Environment (8.0_242-b01) (build 1.8.0_242-release-1644-b01)
# Java VM: OpenJDK 64-Bit Server VM (25.242-b01 mixed mode windows-amd64 compressed oops)
Heap:
 PSYoungGen      total 263680K, used 157188K [0x00000000eab00000, 0x0000000100000000, 0x0000000100000000)
  eden space 178176K, 88% used [0x00000000eab00000,0x00000000f44812c0,0x00000000f5900000)
  from space 85504K, 0% used [0x00000000f5900000,0x00000000f5900000,0x00000000fac80000)
  to   space 80384K, 0% used [0x00000000fb180000,0x00000000fb180000,0x0000000100000000)
 ParOldGen       total 309760K, used 62007K [0x00000000c0000000, 0x00000000d2e80000, 0x00000000eab00000)
  object space 309760K, 20% used [0x00000000c0000000,0x00000000c3c8dea8,0x00000000d2e80000)
 Metaspace       used 95894K, capacity 101113K, committed 101208K, reserved 1136640K
  class space    used 12636K, capacity 13625K, committed 13696K, reserved 1048576K
GC Heap History (10 events):
Event: 65.948 GC heap before
{Heap before GC invocations=19 (full 3):
 PSYoungGen      total 289792K, used 289440K [0x00000000eab00000, 0x0000000100000000, 0x0000000100000000)
  eden space 237568K, 100% used [0x00000000eab00000,0x00000000f9300000,0x00000000f9300000)
  from space 52224K, 99% used [0x00000000f9300000,0x00000000fc5a8398,0x00000000fc600000)
  to   space 59392K, 0% used [0x00000000fc600000,0x00000000fc600000,0x0000000100000000)
 ParOldGen       total 233984K, used 114546K [0x00000000c0000000, 0x00000000ce480000, 0x00000000eab00000)
  object space 233984K, 48% used [0x00000000c0000000,0x00000000c6fdcb60,0x00000000ce480000)
 Metaspace       used 85722K, capacity 90294K, committed 90584K, reserved 1128448K
  class space    used 11365K, capacity 12210K, committed 12288K, reserved 1048576K
Event: 65.978 GC heap after
Heap after GC invocations=19 (full 3):
 PSYoungGen      total 276480K, used 41674K [0x00000000eab00000, 0x0000000100000000, 0x0000000100000000)
  eden space 217088K, 0% used [0x00000000eab00000,0x00000000eab00000,0x00000000f7f00000)
  from space 59392K, 70% used [0x00000000fc600000,0x00000000feeb29d0,0x0000000100000000)
  to   space 66048K, 0% used [0x00000000f7f00000,0x00000000f7f00000,0x00000000fbf80000)
 ParOldGen       total 233984K, used 114554K [0x00000000c0000000, 0x00000000ce480000, 0x00000000eab00000)
  object space 233984K, 48% used [0x00000000c0000000,0x00000000c6fdeb60,0x00000000ce480000)
 Metaspace       used 85722K, capacity 90294K, committed 90584K, reserved 1128448K
  class space    used 11365K, capacity 12210K, committed 12288K, reserved 1048576K
}
Event: 66.841 GC heap before
{Heap before GC invocations=20 (full 3):
 PSYoungGen      total 276480K, used 258762K [0x00000000eab00000, 0x0000000100000000, 0x0000000100000000)
  eden space 217088K, 100% used [0x00000000eab00000,0x00000000f7f00000,0x00000000f7f00000)
  from space 59392K, 70% used [0x00000000fc600000,0x00000000feeb29d0,0x0000000100000000)
  to   space 66048K, 0% used [0x00000000f7f00000,0x00000000f7f00000,0x00000000fbf80000)
 ParOldGen       total 233984K, used 114554K [0x00000000c0000000, 0x00000000ce480000, 0x00000000eab00000)
  object space 233984K, 48% used [0x00000000c0000000,0x00000000c6fdeb60,0x00000000ce480000)
 Metaspace       used 90307K, capacity 95062K, committed 95320K, reserved 1132544K
  class space    used 11953K, capacity 12822K, committed 12928K, reserved 1048576K
Event: 66.909 GC heap after
Heap after GC invocations=20 (full 3):
 PSYoungGen      total 283136K, used 66035K [0x00000000eab00000, 0x0000000100000000, 0x0000000100000000)
  eden space 217088K, 0% used [0x00000000eab00000,0x00000000eab00000,0x00000000f7f00000)
  from space 66048K, 99% used [0x00000000f7f00000,0x00000000fbf7cf38,0x00000000fbf80000)
  to   space 66048K, 0% used [0x00000000fbf80000,0x00000000fbf80000,0x0000000100000000)
 ParOldGen       total 233984K, used 149428K [0x00000000c0000000, 0x00000000ce480000, 0x00000000eab00000)
  object space 233984K, 63% used [0x00000000c0000000,0x00000000c91ed268,0x00000000ce480000)
 Metaspace       used 90307K, capacity 95062K, committed 95320K, reserved 1132544K
  class space    used 11953K, capacity 12822K, committed 12928K, reserved 1048576K
}
Event: 68.031 GC heap before
{Heap before GC invocations=21 (full 3):
 PSYoungGen      total 283136K, used 283123K [0x00000000eab00000, 0x0000000100000000, 0x0000000100000000)
  eden space 217088K, 100% used [0x00000000eab00000,0x00000000f7f00000,0x00000000f7f00000)
  from space 66048K, 99% used [0x00000000f7f00000,0x00000000fbf7cf38,0x00000000fbf80000)
  to   space 66048K, 0% used [0x00000000fbf80000,0x00000000fbf80000,0x0000000100000000)
 ParOldGen       total 233984K, used 149428K [0x00000000c0000000, 0x00000000ce480000, 0x00000000eab00000)
  object space 233984K, 63% used [0x00000000c0000000,0x00000000c91ed268,0x00000000ce480000)
 Metaspace       used 92943K, capacity 97870K, committed 98136K, reserved 1134592K
  class space    used 12204K, capacity 13131K, committed 13184K, reserved 1048576K
Event: 68.088 GC heap after
Heap after GC invocations=21 (full 3):
 PSYoungGen      total 244224K, used 37919K [0x00000000eab00000, 0x0000000100000000, 0x0000000100000000)
  eden space 178176K, 0% used [0x00000000eab00000,0x00000000eab00000,0x00000000f5900000)
  from space 66048K, 57% used [0x00000000fbf80000,0x00000000fe487f50,0x0000000100000000)
  to   space 85504K, 0% used [0x00000000f5900000,0x00000000f5900000,0x00000000fac80000)
 ParOldGen       total 233984K, used 173651K [0x00000000c0000000, 0x00000000ce480000, 0x00000000eab00000)
  object space 233984K, 74% used [0x00000000c0000000,0x00000000ca994c70,0x00000000ce480000)
 Metaspace       used 92943K, capacity 97870K, committed 98136K, reserved 1134592K
  class space    used 12204K, capacity 13131K, committed 13184K, reserved 1048576K
}
Event: 68.133 GC heap before
{Heap before GC invocations=22 (full 3):
 PSYoungGen      total 244224K, used 49909K [0x00000000eab00000, 0x0000000100000000, 0x0000000100000000)
  eden space 178176K, 6% used [0x00000000eab00000,0x00000000eb6b5878,0x00000000f5900000)
  from space 66048K, 57% used [0x00000000fbf80000,0x00000000fe487f50,0x0000000100000000)
  to   space 85504K, 0% used [0x00000000f5900000,0x00000000f5900000,0x00000000fac80000)
 ParOldGen       total 233984K, used 173651K [0x00000000c0000000, 0x00000000ce480000, 0x00000000eab00000)
  object space 233984K, 74% used [0x00000000c0000000,0x00000000ca994c70,0x00000000ce480000)
 Metaspace       used 93132K, capacity 98157K, committed 98280K, reserved 1134592K
  class space    used 12239K, capacity 13184K, committed 13184K, reserved 1048576K
Event: 68.155 GC heap after
Heap after GC invocations=22 (full 3):
 PSYoungGen      total 263680K, used 34954K [0x00000000eab00000, 0x0000000100000000, 0x0000000100000000)
  eden space 178176K, 0% used [0x00000000eab00000,0x00000000eab00000,0x00000000f5900000)
  from space 85504K, 40% used [0x00000000f5900000,0x00000000f7b229e0,0x00000000fac80000)
  to   space 80384K, 0% used [0x00000000fb180000,0x00000000fb180000,0x0000000100000000)
 ParOldGen       total 233984K, used 173659K [0x00000000c0000000, 0x00000000ce480000, 0x00000000eab00000)
  object space 233984K, 74% used [0x00000000c0000000,0x00000000ca996c70,0x00000000ce480000)
 Metaspace       used 93132K, capacity 98157K, committed 98280K, reserved 1134592K
  class space    used 12239K, capacity 13184K, committed 13184K, reserved 1048576K
}
Event: 68.155 GC heap before
{Heap before GC invocations=23 (full 4):
 PSYoungGen      total 263680K, used 34954K [0x00000000eab00000, 0x0000000100000000, 0x0000000100000000)
  eden space 178176K, 0% used [0x00000000eab00000,0x00000000eab00000,0x00000000f5900000)
  from space 85504K, 40% used [0x00000000f5900000,0x00000000f7b229e0,0x00000000fac80000)
  to   space 80384K, 0% used [0x00000000fb180000,0x00000000fb180000,0x0000000100000000)
 ParOldGen       total 233984K, used 173659K [0x00000000c0000000, 0x00000000ce480000, 0x00000000eab00000)
  object space 233984K, 74% used [0x00000000c0000000,0x00000000ca996c70,0x00000000ce480000)
 Metaspace       used 93132K, capacity 98157K, committed 98280K, reserved 1134592K
  class space    used 12239K, capacity 13184K, committed 13184K, reserved 1048576K
Event: 68.401 GC heap after
Heap after GC invocations=23 (full 4):
 PSYoungGen      total 263680K, used 0K [0x00000000eab00000, 0x0000000100000000, 0x0000000100000000)
  eden space 178176K, 0% used [0x00000000eab00000,0x00000000eab00000,0x00000000f5900000)
  from space 85504K, 0% used [0x00000000f5900000,0x00000000f5900000,0x00000000fac80000)
  to   space 80384K, 0% used [0x00000000fb180000,0x00000000fb180000,0x0000000100000000)
 ParOldGen       total 309760K, used 62007K [0x00000000c0000000, 0x00000000d2e80000, 0x00000000eab00000)
  object space 309760K, 20% used [0x00000000c0000000,0x00000000c3c8dea8,0x00000000d2e80000)
 Metaspace       used 92643K, capacity 97147K, committed 98280K, reserved 1134592K
  class space    used 12139K, capacity 13005K, committed 13184K, reserved 1048576K
}

